<?xml version="1.0" encoding="UTF-8"?>
<!-- Generated by org.testng.reporters.JUnitReportReporter -->
<testsuite hostname="AT-DT-006" failures="0" tests="1" name="com.main.Steno.TestNG" time="0.005" errors="0" timestamp="2024-07-24T15:54:11 IST" skipped="0">
  <testcase classname="com.main.Steno.TestNG" name="Demo" time="0.005"/>
  <system-out/>
</testsuite> <!-- com.main.Steno.TestNG -->
