<?xml version="1.0" encoding="UTF-8"?>
<!-- Generated by org.testng.reporters.JUnitReportReporter -->
<testsuite hostname="AT-DT-006" failures="0" tests="2" name="Test.Demo2" time="0.000" errors="0" timestamp="2024-07-24T16:15:43 IST" skipped="0">
  <testcase classname="Test.Demo2" name="ApplicationEntry" time="0.000"/>
  <system-out/>
  <testcase classname="Test.Demo2" name="ApplicationForm" time="0.000"/>
  <system-out/>
</testsuite> <!-- Test.Demo2 -->
